<?xml version="1.0" encoding="UTF-8"?>
<testng-results ignored="0" total="2" passed="2" failed="0" skipped="0">
  <reporter-output>
  </reporter-output>
  <suite started-at="2022-10-07T09:58:33Z" name="Default suite" finished-at="2022-10-07T09:58:44Z" duration-ms="10437">
    <groups>
    </groups>
    <test started-at="2022-10-07T09:58:33Z" name="Default test" finished-at="2022-10-07T09:58:44Z" duration-ms="10437">
      <class name="testng.HRMApplyeLeave">
        <test-method signature="Login()[pri:0, instance:testng.HRMApplyeLeave@7fbdb894]" started-at="2022-10-07T09:58:33Z" name="Login" finished-at="2022-10-07T09:58:39Z" duration-ms="5480" status="PASS">
          <reporter-output>
          </reporter-output>
        </test-method> <!-- Login -->
        <test-method signature="applyLeave()[pri:0, instance:testng.HRMApplyeLeave@7fbdb894]" started-at="2022-10-07T09:58:39Z" name="applyLeave" finished-at="2022-10-07T09:58:44Z" duration-ms="4944" status="PASS">
          <reporter-output>
          </reporter-output>
        </test-method> <!-- applyLeave -->
      </class> <!-- testng.HRMApplyeLeave -->
    </test> <!-- Default test -->
  </suite> <!-- Default suite -->
</testng-results>
